2008-10-25 10:29:12 Debug: Notice (8): Undefined variable: uploaded in [APP\views\fotos\createimage_step2.ctp, line 12]
2008-10-25 10:30:54 Debug: Notice (8): Undefined variable: uploaded in [APP\views\fotos\createimage_step2.ctp, line 12]
2008-10-25 10:30:57 Debug: Notice (8): Undefined variable: uploaded in [APP\views\fotos\createimage_step2.ctp, line 12]
2008-10-25 10:33:00 Debug: Notice (8): Undefined variable: uploaded in [APP\views\fotos\createimage_step2.ctp, line 12]
2008-10-25 10:34:28 Debug: Notice (8): Undefined variable: uploaded in [APP\views\fotos\createimage_step2.ctp, line 12]
2008-10-25 10:38:45 Debug: Notice (8): Undefined index:  upload in [APP\views\fotos\createimage_step2.ctp, line 12]
2008-10-25 10:38:47 Debug: Notice (8): Undefined variable: uploaded in [APP\views\fotos\createimage_step2.ctp, line 12]
2008-10-25 10:42:49 Debug: Notice (8): Undefined variable: uploaded in [APP\views\fotos\createimage_step2.ctp, line 12]
2008-10-25 10:45:47 Debug: Notice (8): Undefined variable: uploaded in [APP\views\fotos\createimage_step2.ctp, line 12]
2008-10-25 10:45:48 Debug: Notice (8): Undefined variable: uploaded in [APP\views\fotos\createimage_step2.ctp, line 12]
2008-10-25 15:35:12 Debug: Notice (8): Undefined index:  data in [APP\controllers\geos_controller.php, line 22]
2008-10-25 15:38:10 Debug: Notice (8): Undefined variable: options in [APP\views\schools_users\add.ctp, line 18]
2008-10-25 16:12:14 Debug: Notice (8): Undefined variable: geos in [APP\views\schools_users\edit.ctp, line 57]
2008-10-25 17:14:26 Debug: Notice (8): Undefined variable: type in [APP\views\schools_users\add.ctp, line 1]
2008-10-25 17:14:26 Debug: Notice (8): Undefined variable: type in [APP\views\schools_users\add.ctp, line 8]
2008-10-27 16:26:25 Debug: Notice (8): Undefined variable: groups in [APP\views\groups\edit.ctp, line 6]
2008-10-27 16:29:49 Debug: Notice (8): Undefined variable: groups in [APP\views\groups\edit.ctp, line 6]
2008-10-27 16:30:05 Debug: Notice (8): Undefined variable: geo in [APP\views\groups\edit.ctp, line 9]
2008-11-18 22:30:27 Debug: Notice (8): Undefined variable: users in [APP\views\buddies\index.ctp, line 2]
2008-11-18 22:31:07 Debug: Notice (8): Use of undefined constant buddies_vor - assumed 'buddies_vor' in [APP\controllers\buddies_controller.php, line 34]
2008-11-18 22:31:07 Debug: Notice (8): Undefined variable: users in [APP\views\buddies\index.ctp, line 2]
2008-11-18 22:33:52 Debug: Notice (8): Undefined index:  User in [APP\views\elements\userview.ctp, line 4]
2008-11-18 22:33:52 Debug: Notice (8): Undefined index:  User in [APP\views\elements\userview.ctp, line 12]
2008-11-18 22:33:52 Debug: Notice (8): Undefined index:  User in [APP\views\elements\userview.ctp, line 13]
2008-11-18 22:42:09 Debug: Notice (8): Undefined variable: user in [APP\views\buddies\index.ctp, line 11]
2008-11-18 22:42:09 Debug: Notice (8): Undefined variable: user in [APP\views\buddies\index.ctp, line 12]
2008-11-18 22:42:23 Debug: Notice (8): Undefined variable: user in [APP\views\buddies\index.ctp, line 11]
2008-11-18 22:42:23 Debug: Notice (8): Undefined variable: user in [APP\views\buddies\index.ctp, line 12]
2008-11-18 22:51:21 Debug: Notice (8): Undefined property: BuddiesController::$Post in [APP\controllers\buddies_controller.php, line 34]
2008-11-19 13:17:54 Debug: Notice (8): Undefined variable: user in [APP\views\groups\view.ctp, line 7]
2008-11-19 13:17:54 Debug: Notice (8): Undefined variable: options in [APP\views\groups\view.ctp, line 7]
2008-11-19 13:44:16 Debug: Notice (8): Undefined variable: user in [APP\views\groups\view.ctp, line 7]
2008-11-19 13:44:16 Debug: Notice (8): Undefined variable: options in [APP\views\groups\view.ctp, line 7]
2008-11-19 14:08:34 Debug: Notice (8): Undefined property: GroupsController::$Buddy in [APP\controllers\groups_controller.php, line 53]
2008-11-19 14:10:12 Debug: Notice (8): Undefined variable: user in [APP\views\groups\main.ctp, line 3]
2008-11-19 14:11:13 Debug: Notice (8): Undefined property: GroupsController::$Buddy in [APP\controllers\groups_controller.php, line 54]
2008-11-19 14:11:29 Debug: Notice (8): Undefined property: GroupsController::$Buddy in [APP\controllers\groups_controller.php, line 54]
2008-11-19 14:15:34 Debug: Notice (8): Undefined variable: options in [APP\views\groups\main.ctp, line 3]
2008-11-19 14:15:53 Debug: Notice (8): Undefined variable: options in [APP\views\groups\main.ctp, line 3]
2008-11-19 14:15:56 Debug: Notice (8): Undefined variable: options in [APP\views\groups\main.ctp, line 3]
2008-11-19 14:16:16 Debug: Notice (8): Undefined variable: options in [APP\views\groups\main.ctp, line 3]
2008-11-19 14:16:27 Debug: Notice (8): Undefined variable: options in [APP\views\groups\main.ctp, line 3]
2008-11-19 15:47:20 Debug: Notice (8): Undefined variable: ohte_groups in [APP\controllers\groups_controller.php, line 71]
2008-11-19 15:47:55 Debug: Notice (8): Undefined variable: ohte_groups in [APP\controllers\groups_controller.php, line 71]
2008-11-22 17:30:52 Debug: Notice (8): Undefined property: GroupsController::$Users in [APP\controllers\groups_controller.php, line 71]
2008-11-22 19:03:52 Debug: Notice (8): Undefined variable: user_id in [APP\controllers\groups_controller.php, line 74]
2008-11-22 19:08:17 Debug: Notice (8): Undefined variable: groups in [APP\views\groups\invite.ctp, line 4]
2008-11-22 19:08:17 Debug: Notice (8): Undefined variable: user_id in [APP\views\groups\invite.ctp, line 5]
2008-11-22 19:15:48 Debug: Notice (8): Undefined variable: student_id in [APP\controllers\groups_controller.php, line 77]
2008-11-22 19:15:57 Debug: Notice (8): Undefined variable: student_id in [APP\controllers\groups_controller.php, line 77]
2008-11-22 19:55:28 Debug: Notice (8): Undefined index:  Group in [APP\controllers\groups_controller.php, line 60]
2008-11-22 20:50:29 Debug: Notice (8): Undefined variable: student_id in [APP\controllers\groups_controller.php, line 72]
2008-11-22 20:54:48 Debug: Notice (8): Undefined variable: user_id in [APP\views\guests\add.ctp, line 13]
2008-11-22 20:54:48 Debug: Notice (8): Undefined variable: user1_id in [APP\views\guests\add.ctp, line 14]
2008-11-22 20:59:30 Debug: Notice (8): Undefined variable: student_id in [APP\controllers\groups_controller.php, line 72]
2008-11-22 21:01:04 Debug: Notice (8): Undefined variable: student_id in [APP\controllers\groups_controller.php, line 72]
2008-11-22 21:02:23 Debug: Notice (8): Undefined variable: student_id in [APP\controllers\groups_controller.php, line 72]
2010-10-03 21:40:05 Debug: Notice (8): Undefined index:  fname in [APP\views\elements\userview.ctp, line 22]
2010-10-03 21:40:43 Debug: Notice (8): Undefined index:  fname in [APP\views\elements\userview.ctp, line 28]
2010-10-03 21:45:28 Debug: Notice (8): Undefined index:  fname in [APP\controllers\users_controller.php, line 166]
2010-10-03 21:45:28 Debug: Notice (8): Undefined index:  fname in [APP\views\users\view.ctp, line 6]
2010-10-03 21:46:17 Debug: Notice (8): Undefined index:  fname in [APP\controllers\users_controller.php, line 166]
2010-10-03 21:46:18 Debug: Notice (8): Undefined index:  fname in [APP\views\users\view.ctp, line 6]
2010-10-03 21:46:48 Debug: Notice (8): Undefined index:  fname in [APP\controllers\users_controller.php, line 166]
2010-10-03 21:46:48 Debug: Notice (8): Undefined index:  fname in [APP\views\users\view.ctp, line 6]
2010-10-03 21:47:18 Debug: Notice (8): Undefined index:  fname in [APP\controllers\users_controller.php, line 166]
2010-10-03 21:54:50 Debug: Notice (8): Undefined variable: time in [APP\views\elements\studmenu.ctp, line 13]
2010-10-03 21:55:07 Debug: Notice (8): Undefined variable: time in [APP\views\elements\studmenu.ctp, line 13]
2010-10-03 22:01:12 Debug: Notice (8): Undefined variable: educations in [APP\controllers\users_controller.php, line 179]
2010-10-03 22:06:19 Debug: Notice (8): Undefined index:  img in [APP\views\elements\userview.ctp, line 10]
2010-10-03 22:06:19 Debug: Notice (8): Undefined index:  sname in [APP\views\elements\userview.ctp, line 22]
2010-10-03 22:06:19 Debug: Notice (8): Undefined index:  name in [APP\views\elements\userview.ctp, line 24]
2010-10-03 22:06:20 Debug: Notice (8): Undefined index:  img in [APP\views\elements\groupview.ctp, line 3]
2010-10-03 22:06:37 Debug: Notice (8): Undefined index:  sname in [APP\views\elements\userview.ctp, line 22]
2010-10-03 22:09:51 Debug: Notice (8): Undefined variable: points in [APP\views\geos\index.ctp, line 68]
2010-10-03 22:10:11 Debug: Notice (8): Undefined variable: points in [APP\views\geos\index.ctp, line 68]
2010-10-03 22:11:51 Debug: Notice (8): Undefined index:  img in [APP\views\elements\userview.ctp, line 10]
2010-10-03 22:11:51 Debug: Notice (8): Undefined index:  sname in [APP\views\elements\userview.ctp, line 22]
2010-10-03 22:11:51 Debug: Notice (8): Undefined index:  name in [APP\views\elements\userview.ctp, line 24]
2010-10-03 22:11:51 Debug: Notice (8): Undefined index:  img in [APP\views\elements\groupview.ctp, line 3]
2010-10-03 22:12:16 Debug: Notice (8): Undefined index:  purpose in [APP\views\groups\view.ctp, line 3]
2010-10-03 22:12:16 Debug: Notice (8): Undefined index:  title in [APP\views\groups\view.ctp, line 5]
2010-10-03 22:12:16 Debug: Notice (8): Undefined index:  img in [APP\views\elements\groupmenu.ctp, line 1]
2010-10-03 22:12:16 Debug: Notice (8): Undefined index:  img in [APP\views\elements\userview.ctp, line 10]
2010-10-03 22:12:16 Debug: Notice (8): Undefined index:  sname in [APP\views\elements\userview.ctp, line 22]
2010-10-03 22:12:16 Debug: Notice (8): Undefined index:  name in [APP\views\elements\userview.ctp, line 24]
2010-10-03 22:13:36 Debug: Notice (8): Undefined index:  purpose in [APP\views\groups\view.ctp, line 3]
2010-10-03 22:13:36 Debug: Notice (8): Undefined index:  title in [APP\views\groups\view.ctp, line 5]
2010-10-03 22:13:36 Debug: Notice (8): Undefined index:  img in [APP\views\elements\groupmenu.ctp, line 1]
2010-10-03 22:13:36 Debug: Notice (8): Undefined index:  img in [APP\views\elements\userview.ctp, line 10]
2010-10-03 22:13:36 Debug: Notice (8): Undefined index:  sname in [APP\views\elements\userview.ctp, line 22]
2010-10-03 22:13:36 Debug: Notice (8): Undefined index:  name in [APP\views\elements\userview.ctp, line 24]
2010-10-03 22:13:39 Debug: Notice (8): Undefined index:  purpose in [APP\views\groups\view.ctp, line 3]
2010-10-03 22:13:39 Debug: Notice (8): Undefined index:  title in [APP\views\groups\view.ctp, line 5]
2010-10-03 22:13:39 Debug: Notice (8): Undefined index:  img in [APP\views\elements\groupmenu.ctp, line 1]
2010-10-03 22:13:39 Debug: Notice (8): Undefined index:  img in [APP\views\elements\userview.ctp, line 10]
2010-10-03 22:13:39 Debug: Notice (8): Undefined index:  sname in [APP\views\elements\userview.ctp, line 22]
2010-10-03 22:13:39 Debug: Notice (8): Undefined index:  name in [APP\views\elements\userview.ctp, line 24]
2010-10-03 22:14:05 Debug: Notice (8): Undefined index:  purpose in [APP\views\groups\view.ctp, line 3]
2010-10-03 22:14:05 Debug: Notice (8): Undefined index:  title in [APP\views\groups\view.ctp, line 5]
2010-10-03 22:14:06 Debug: Notice (8): Undefined index:  img in [APP\views\elements\groupmenu.ctp, line 1]
2010-10-03 22:14:06 Debug: Notice (8): Undefined index:  id in [APP\views\elements\groupmenu.ctp, line 13]
2010-10-03 22:14:06 Debug: Notice (8): Undefined index:  img in [APP\views\elements\userview.ctp, line 10]
2010-10-03 22:14:06 Debug: Notice (8): Undefined index:  sname in [APP\views\elements\userview.ctp, line 22]
2010-10-03 22:14:06 Debug: Notice (8): Undefined index:  name in [APP\views\elements\userview.ctp, line 24]
2010-10-03 22:14:52 Debug: Notice (8): Undefined index:  img in [APP\views\elements\groupmenu.ctp, line 1]
2010-10-03 22:14:52 Debug: Notice (8): Undefined index:  id in [APP\views\elements\groupmenu.ctp, line 13]
2010-10-03 22:14:52 Debug: Notice (8): Undefined index:  img in [APP\views\elements\userview.ctp, line 10]
2010-10-03 22:14:52 Debug: Notice (8): Undefined index:  sname in [APP\views\elements\userview.ctp, line 22]
2010-10-03 22:14:52 Debug: Notice (8): Undefined index:  name in [APP\views\elements\userview.ctp, line 24]
2010-10-03 22:15:23 Debug: Notice (8): Undefined index:  id in [APP\views\elements\groupmenu.ctp, line 13]
2010-10-03 22:15:23 Debug: Notice (8): Undefined index:  img in [APP\views\elements\userview.ctp, line 10]
2010-10-03 22:15:23 Debug: Notice (8): Undefined index:  sname in [APP\views\elements\userview.ctp, line 22]
2010-10-03 22:15:23 Debug: Notice (8): Undefined index:  name in [APP\views\elements\userview.ctp, line 24]
2010-10-03 22:15:43 Debug: Notice (8): Undefined index:  img in [APP\views\elements\userview.ctp, line 10]
2010-10-03 22:15:43 Debug: Notice (8): Undefined index:  sname in [APP\views\elements\userview.ctp, line 22]
2010-10-03 22:15:43 Debug: Notice (8): Undefined index:  name in [APP\views\elements\userview.ctp, line 24]
