2008-10-25 10:24:50 Warning: Warning (2): Cannot modify header information - headers already sent by (output started at C:\AppServ\www\studip\app\controllers\components\jq_imgcrop.php:94) in [CORE\cake\libs\controller\controller.php, line 587]
2008-10-25 10:25:53 Warning: Warning (2): Cannot modify header information - headers already sent by (output started at C:\AppServ\www\studip\app\controllers\components\jq_imgcrop.php:94) in [CORE\cake\libs\controller\controller.php, line 587]
2008-10-25 15:35:12 Warning: Warning (512): <span style = "color:Red;text-align:left"><b>SQL Error:</b> 1064: You have an error in your SQL syntax; check the manual that corresponds to your MySQL server version for the right syntax to use near 'ORDER BY `Region`.`name` ASC' at line 1</span> in [CORE\cake\libs\model\datasources\dbo_source.php, line 521]
2008-10-25 16:12:14 Warning: Warning (2): Invalid argument supplied for foreach() in [APP\views\schools_users\edit.ctp, line 57]
2008-10-25 16:44:22 Error: ID = 
2008-10-25 16:44:22 Error: ID = 10
2008-10-25 16:53:38 Error: ID = 
2008-10-25 16:53:38 Error: ID = 11
2008-10-25 17:14:26 Error: ID = 12
2008-10-25 17:14:26 Warning: Warning (512): <span style = "color:Red;text-align:left"><b>SQL Error:</b> 1048: Column 'department_id' cannot be null</span> in [CORE\cake\libs\model\datasources\dbo_source.php, line 521]
2008-10-27 16:01:21 Warning: Warning (512): <span style = "color:Red;text-align:left"><b>SQL Error:</b> 1054: Unknown column 'User.email_address' in 'field list'</span> in [CORE\cake\libs\model\datasources\dbo_source.php, line 521]
2008-10-27 16:01:22 Warning: Warning (512): <span style = "color:Red;text-align:left"><b>SQL Error:</b> 1054: Unknown column 'User.email_address' in 'field list'</span> in [CORE\cake\libs\model\datasources\dbo_source.php, line 521]
2008-10-27 16:26:25 Warning: Warning (2): Invalid argument supplied for foreach() in [APP\views\groups\edit.ctp, line 6]
2008-10-27 16:29:49 Warning: Warning (2): Invalid argument supplied for foreach() in [APP\views\groups\edit.ctp, line 6]
2008-10-27 17:29:01 Warning: Warning (512): <span style = "color:Red;text-align:left"><b>SQL Error:</b> 1054: Unknown column 'user_id' in 'where clause'</span> in [CORE\cake\libs\model\datasources\dbo_source.php, line 521]
2008-10-27 17:29:01 Warning: Warning (2): Invalid argument supplied for foreach() in [APP\views\groups\view.ctp, line 3]
2008-10-27 17:35:33 Warning: Warning (512): <span style = "color:Red;text-align:left"><b>SQL Error:</b> 1054: Unknown column 'user_id' in 'where clause'</span> in [CORE\cake\libs\model\datasources\dbo_source.php, line 521]
2008-10-27 17:35:33 Warning: Warning (2): Invalid argument supplied for foreach() in [APP\views\groups\edit.ctp, line 6]
2008-10-27 17:35:34 Warning: Warning (512): <span style = "color:Red;text-align:left"><b>SQL Error:</b> 1054: Unknown column 'user_id' in 'where clause'</span> in [CORE\cake\libs\model\datasources\dbo_source.php, line 521]
2008-10-27 17:35:34 Warning: Warning (2): Invalid argument supplied for foreach() in [APP\views\groups\edit.ctp, line 6]
2008-10-27 17:37:28 Warning: Warning (512): <span style = "color:Red;text-align:left"><b>SQL Error:</b> 1064: You have an error in your SQL syntax; check the manual that corresponds to your MySQL server version for the right syntax to use near '' at line 1</span> in [CORE\cake\libs\model\datasources\dbo_source.php, line 521]
2008-10-27 17:37:28 Warning: Warning (2): Invalid argument supplied for foreach() in [APP\views\groups\edit.ctp, line 6]
2008-10-27 17:37:30 Warning: Warning (512): <span style = "color:Red;text-align:left"><b>SQL Error:</b> 1064: You have an error in your SQL syntax; check the manual that corresponds to your MySQL server version for the right syntax to use near '' at line 1</span> in [CORE\cake\libs\model\datasources\dbo_source.php, line 521]
2008-10-27 17:37:30 Warning: Warning (2): Invalid argument supplied for foreach() in [APP\views\groups\edit.ctp, line 6]
2008-10-27 17:38:53 Warning: Warning (512): <span style = "color:Red;text-align:left"><b>SQL Error:</b> 1048: Column 'admin_id' cannot be null</span> in [CORE\cake\libs\model\datasources\dbo_source.php, line 521]
2008-11-14 00:17:59 Warning: Warning (2): Cannot modify header information - headers already sent by (output started at C:\AppServ\www\studip\app\controllers\geoip_controller.php:19) in [CORE\cake\libs\controller\controller.php, line 587]
2008-11-18 22:30:27 Warning: Warning (2): Invalid argument supplied for foreach() in [APP\views\buddies\index.ctp, line 2]
2008-11-18 22:31:07 Warning: Warning (2): Invalid argument supplied for foreach() in [APP\views\buddies\index.ctp, line 2]
2008-11-19 15:46:00 Warning: Warning (512): <span style = "color:Red;text-align:left"><b>SQL Error:</b> 1054: Unknown column 'GroupsUser.id' in 'field list'</span> in [CORE\cake\libs\model\datasources\dbo_source.php, line 521]
2008-11-19 15:46:00 Warning: Warning (512): <span style = "color:Red;text-align:left"><b>SQL Error:</b> 1054: Unknown column 'conditions' in 'where clause'</span> in [CORE\cake\libs\model\datasources\dbo_source.php, line 521]
2008-11-19 15:46:35 Warning: Warning (512): <span style = "color:Red;text-align:left"><b>SQL Error:</b> 1054: Unknown column 'GroupsUser.id' in 'field list'</span> in [CORE\cake\libs\model\datasources\dbo_source.php, line 521]
2008-11-19 15:46:35 Warning: Warning (512): <span style = "color:Red;text-align:left"><b>SQL Error:</b> 1054: Unknown column 'conditions' in 'where clause'</span> in [CORE\cake\libs\model\datasources\dbo_source.php, line 521]
2008-11-19 15:47:20 Warning: Warning (512): <span style = "color:Red;text-align:left"><b>SQL Error:</b> 1054: Unknown column 'conditions' in 'where clause'</span> in [CORE\cake\libs\model\datasources\dbo_source.php, line 521]
2008-11-19 15:56:23 Warning: Warning (512): <span style = "color:Red;text-align:left"><b>SQL Error:</b> 1054: Unknown column 'conditions' in 'where clause'</span> in [CORE\cake\libs\model\datasources\dbo_source.php, line 521]
2008-11-22 18:04:37 Warning: Warning (512): <span style = "color:Red;text-align:left"><b>SQL Error:</b> 1054: Unknown column 'User.admin_id' in 'on clause'</span> in [CORE\cake\libs\model\datasources\dbo_source.php, line 521]
2008-11-22 18:06:02 Warning: Warning (512): <span style = "color:Red;text-align:left"><b>SQL Error:</b> 1054: Unknown column 'Admin.admin_id' in 'on clause'</span> in [CORE\cake\libs\model\datasources\dbo_source.php, line 521]
2008-11-22 18:31:57 Warning: Warning (2): array_combine() expects parameter 1 to be array, null given in [CORE\cake\libs\set.php, line 951]
2008-11-22 18:42:12 Warning: Warning (2): array_combine() expects parameter 1 to be array, null given in [CORE\cake\libs\set.php, line 951]
2008-11-22 19:03:52 Warning: Warning (512): <span style = "color:Red;text-align:left"><b>SQL Error:</b> 1064: You have an error in your SQL syntax; check the manual that corresponds to your MySQL server version for the right syntax to use near '' at line 6</span> in [CORE\cake\libs\model\datasources\dbo_source.php, line 521]
2008-11-22 19:08:17 Warning: Warning (2): Missing argument 1 for GroupsController::invite(), called in C:\1.2.x.x\cake\libs\object.php on line 114 and defined in [APP\controllers\groups_controller.php, line 52]
2008-11-22 19:15:48 Warning: Warning (2): Missing argument 1 for GroupsController::invite(), called in C:\1.2.x.x\cake\libs\object.php on line 114 and defined in [APP\controllers\groups_controller.php, line 52]
2008-11-22 19:15:57 Warning: Warning (2): Missing argument 1 for GroupsController::invite(), called in C:\1.2.x.x\cake\libs\object.php on line 114 and defined in [APP\controllers\groups_controller.php, line 52]
2008-11-22 19:18:43 Warning: Warning (2): Missing argument 1 for GroupsController::invite(), called in C:\1.2.x.x\cake\libs\object.php on line 114 and defined in [APP\controllers\groups_controller.php, line 52]
2008-11-22 19:27:40 Warning: Warning (2): Missing argument 1 for GroupsController::invite(), called in C:\1.2.x.x\cake\libs\object.php on line 114 and defined in [APP\controllers\groups_controller.php, line 52]
2008-11-22 19:27:43 Warning: Warning (2): Missing argument 1 for GroupsController::invite(), called in C:\1.2.x.x\cake\libs\object.php on line 114 and defined in [APP\controllers\groups_controller.php, line 52]
2008-11-22 19:27:59 Warning: Warning (2): Missing argument 1 for GroupsController::invite(), called in C:\1.2.x.x\cake\libs\object.php on line 114 and defined in [APP\controllers\groups_controller.php, line 52]
2008-11-22 19:30:15 Warning: Warning (2): Missing argument 1 for GroupsController::invite(), called in C:\1.2.x.x\cake\libs\object.php on line 114 and defined in [APP\controllers\groups_controller.php, line 52]
2008-11-22 19:55:28 Warning: Warning (2): Missing argument 1 for GroupsController::invite(), called in C:\1.2.x.x\cake\libs\object.php on line 114 and defined in [APP\controllers\groups_controller.php, line 52]
2008-11-22 20:49:37 Warning: Warning (2): Missing argument 1 for GroupsController::invite(), called in C:\1.2.x.x\cake\libs\object.php on line 114 and defined in [APP\controllers\groups_controller.php, line 52]
2008-11-22 20:50:29 Warning: Warning (2): Missing argument 1 for GroupsController::invite(), called in C:\1.2.x.x\cake\libs\object.php on line 114 and defined in [APP\controllers\groups_controller.php, line 52]
2008-11-22 20:55:09 Warning: Warning (2): Missing argument 1 for GroupsController::invite(), called in C:\1.2.x.x\cake\libs\object.php on line 114 and defined in [APP\controllers\groups_controller.php, line 52]
2008-11-22 20:55:09 Warning: Warning (512): <span style = "color:Red;text-align:left"><b>SQL Error:</b> 1054: Unknown column 'GroupsUser.id' in 'where clause'</span> in [CORE\cake\libs\model\datasources\dbo_source.php, line 521]
2008-11-22 20:56:05 Warning: Warning (2): Missing argument 1 for GroupsController::invite(), called in C:\1.2.x.x\cake\libs\object.php on line 114 and defined in [APP\controllers\groups_controller.php, line 52]
2008-11-22 20:56:05 Warning: Warning (512): <span style = "color:Red;text-align:left"><b>SQL Error:</b> 1054: Unknown column 'GroupsUser.id' in 'where clause'</span> in [CORE\cake\libs\model\datasources\dbo_source.php, line 521]
2008-11-22 20:59:30 Warning: Warning (2): Missing argument 1 for GroupsController::invite(), called in C:\1.2.x.x\cake\libs\object.php on line 114 and defined in [APP\controllers\groups_controller.php, line 52]
2008-11-22 20:59:30 Warning: Warning (512): <span style = "color:Red;text-align:left"><b>SQL Error:</b> 1054: Unknown column 'GroupsUser.id' in 'where clause'</span> in [CORE\cake\libs\model\datasources\dbo_source.php, line 521]
2008-11-22 21:01:04 Warning: Warning (2): Missing argument 1 for GroupsController::invite(), called in C:\1.2.x.x\cake\libs\object.php on line 114 and defined in [APP\controllers\groups_controller.php, line 52]
2008-11-22 21:02:23 Warning: Warning (2): Missing argument 1 for GroupsController::invite(), called in C:\1.2.x.x\cake\libs\object.php on line 114 and defined in [APP\controllers\groups_controller.php, line 52]
